# JRE version: Java(TM) SE Runtime Environment (8.0_311-b11) (build 1.8.0_311-b11)
# Java VM: Java HotSpot(TM) 64-Bit Server VM (25.311-b11 mixed mode bsd-amd64 compressed oops)
Heap:
 PSYoungGen      total 78336K, used 59701K [0x0000000795580000, 0x000000079f680000, 0x00000007c0000000)
  eden space 66560K, 72% used [0x0000000795580000,0x0000000798450f10,0x0000000799680000)
  from space 11776K, 99% used [0x0000000799680000,0x000000079a1fc690,0x000000079a200000)
  to   space 15872K, 0% used [0x000000079e700000,0x000000079e700000,0x000000079f680000)
 ParOldGen       total 87552K, used 19703K [0x0000000740000000, 0x0000000745580000, 0x0000000795580000)
  object space 87552K, 22% used [0x0000000740000000,0x000000074133dc68,0x0000000745580000)
 Metaspace       used 17980K, capacity 18348K, committed 18560K, reserved 1064960K
  class space    used 2007K, capacity 2132K, committed 2176K, reserved 1048576K
GC Heap History (10 events):
Event: 3.525 GC heap before
{Heap before GC invocations=3 (full 0):
 PSYoungGen      total 38400K, used 38369K [0x0000000795580000, 0x0000000798000000, 0x00000007c0000000)
  eden space 33280K, 100% used [0x0000000795580000,0x0000000797600000,0x0000000797600000)
  from space 5120K, 99% used [0x0000000797b00000,0x0000000797ff8560,0x0000000798000000)
  to   space 5120K, 0% used [0x0000000797600000,0x0000000797600000,0x0000000797b00000)
 ParOldGen       total 87552K, used 2109K [0x0000000740000000, 0x0000000745580000, 0x0000000795580000)
  object space 87552K, 2% used [0x0000000740000000,0x000000074020f408,0x0000000745580000)
 Metaspace       used 16344K, capacity 16648K, committed 16896K, reserved 1064960K
  class space    used 1879K, capacity 1972K, committed 2048K, reserved 1048576K
Event: 3.532 GC heap after
Heap after GC invocations=3 (full 0):
 PSYoungGen      total 38400K, used 5099K [0x0000000795580000, 0x0000000798000000, 0x00000007c0000000)
  eden space 33280K, 0% used [0x0000000795580000,0x0000000795580000,0x0000000797600000)
  from space 5120K, 99% used [0x0000000797600000,0x0000000797afaf40,0x0000000797b00000)
  to   space 5120K, 0% used [0x0000000797b00000,0x0000000797b00000,0x0000000798000000)
 ParOldGen       total 87552K, used 5224K [0x0000000740000000, 0x0000000745580000, 0x0000000795580000)
  object space 87552K, 5% used [0x0000000740000000,0x000000074051a3e8,0x0000000745580000)
 Metaspace       used 16344K, capacity 16648K, committed 16896K, reserved 1064960K
  class space    used 1879K, capacity 1972K, committed 2048K, reserved 1048576K
}
Event: 3.866 GC heap before
{Heap before GC invocations=4 (full 0):
 PSYoungGen      total 38400K, used 38379K [0x0000000795580000, 0x0000000798000000, 0x00000007c0000000)
  eden space 33280K, 100% used [0x0000000795580000,0x0000000797600000,0x0000000797600000)
  from space 5120K, 99% used [0x0000000797600000,0x0000000797afaf40,0x0000000797b00000)
  to   space 5120K, 0% used [0x0000000797b00000,0x0000000797b00000,0x0000000798000000)
 ParOldGen       total 87552K, used 5224K [0x0000000740000000, 0x0000000745580000, 0x0000000795580000)
  object space 87552K, 5% used [0x0000000740000000,0x000000074051a3e8,0x0000000745580000)
 Metaspace       used 16481K, capacity 16742K, committed 16896K, reserved 1064960K
  class space    used 1882K, capacity 1977K, committed 2048K, reserved 1048576K
Event: 3.875 GC heap after
Heap after GC invocations=4 (full 0):
 PSYoungGen      total 38400K, used 5096K [0x0000000795580000, 0x000000079a080000, 0x00000007c0000000)
  eden space 33280K, 0% used [0x0000000795580000,0x0000000795580000,0x0000000797600000)
  from space 5120K, 99% used [0x0000000797b00000,0x0000000797ffa310,0x0000000798000000)
  to   space 5120K, 0% used [0x0000000797600000,0x0000000797600000,0x0000000797b00000)
 ParOldGen       total 87552K, used 10717K [0x0000000740000000, 0x0000000745580000, 0x0000000795580000)
  object space 87552K, 12% used [0x0000000740000000,0x0000000740a77588,0x0000000745580000)
 Metaspace       used 16481K, capacity 16742K, committed 16896K, reserved 1064960K
  class space    used 1882K, capacity 1977K, committed 2048K, reserved 1048576K
}
Event: 4.116 GC heap before
{Heap before GC invocations=5 (full 0):
 PSYoungGen      total 38400K, used 38376K [0x0000000795580000, 0x000000079a080000, 0x00000007c0000000)
  eden space 33280K, 100% used [0x0000000795580000,0x0000000797600000,0x0000000797600000)
  from space 5120K, 99% used [0x0000000797b00000,0x0000000797ffa310,0x0000000798000000)
  to   space 5120K, 0% used [0x0000000797600000,0x0000000797600000,0x0000000797b00000)
 ParOldGen       total 87552K, used 10717K [0x0000000740000000, 0x0000000745580000, 0x0000000795580000)
  object space 87552K, 12% used [0x0000000740000000,0x0000000740a77588,0x0000000745580000)
 Metaspace       used 16612K, capacity 16900K, committed 17152K, reserved 1064960K
  class space    used 1885K, capacity 1982K, committed 2048K, reserved 1048576K
Event: 4.136 GC heap after
Heap after GC invocations=5 (full 0):
 PSYoungGen      total 38400K, used 5098K [0x0000000795580000, 0x000000079ad80000, 0x00000007c0000000)
  eden space 33280K, 0% used [0x0000000795580000,0x0000000795580000,0x0000000797600000)
  from space 5120K, 99% used [0x0000000797600000,0x0000000797afa900,0x0000000797b00000)
  to   space 11776K, 0% used [0x000000079a200000,0x000000079a200000,0x000000079ad80000)
 ParOldGen       total 87552K, used 14639K [0x0000000740000000, 0x0000000745580000, 0x0000000795580000)
  object space 87552K, 16% used [0x0000000740000000,0x0000000740e4bf90,0x0000000745580000)
 Metaspace       used 16612K, capacity 16900K, committed 17152K, reserved 1064960K
  class space    used 1885K, capacity 1982K, committed 2048K, reserved 1048576K
}
Event: 4.274 GC heap before
{Heap before GC invocations=6 (full 0):
 PSYoungGen      total 38400K, used 38378K [0x0000000795580000, 0x000000079ad80000, 0x00000007c0000000)
  eden space 33280K, 100% used [0x0000000795580000,0x0000000797600000,0x0000000797600000)
  from space 5120K, 99% used [0x0000000797600000,0x0000000797afa900,0x0000000797b00000)
  to   space 11776K, 0% used [0x000000079a200000,0x000000079a200000,0x000000079ad80000)
 ParOldGen       total 87552K, used 14639K [0x0000000740000000, 0x0000000745580000, 0x0000000795580000)
  object space 87552K, 16% used [0x0000000740000000,0x0000000740e4bf90,0x0000000745580000)
 Metaspace       used 16712K, capacity 17034K, committed 17152K, reserved 1064960K
  class space    used 1886K, capacity 1983K, committed 2048K, reserved 1048576K
Event: 4.294 GC heap after
Heap after GC invocations=6 (full 0):
 PSYoungGen      total 78336K, used 9428K [0x0000000795580000, 0x000000079ad80000, 0x00000007c0000000)
  eden space 66560K, 0% used [0x0000000795580000,0x0000000795580000,0x0000000799680000)
  from space 11776K, 80% used [0x000000079a200000,0x000000079ab35320,0x000000079ad80000)
  to   space 11776K, 0% used [0x0000000799680000,0x0000000799680000,0x000000079a200000)
 ParOldGen       total 87552K, used 14639K [0x0000000740000000, 0x0000000745580000, 0x0000000795580000)
  object space 87552K, 16% used [0x0000000740000000,0x0000000740e4bf90,0x0000000745580000)
 Metaspace       used 16712K, capacity 17034K, committed 17152K, reserved 1064960K
  class space    used 1886K, capacity 1983K, committed 2048K, reserved 1048576K
}
Event: 4.603 GC heap before
{Heap before GC invocations=7 (full 0):
 PSYoungGen      total 78336K, used 75988K [0x0000000795580000, 0x000000079ad80000, 0x00000007c0000000)
  eden space 66560K, 100% used [0x0000000795580000,0x0000000799680000,0x0000000799680000)
  from space 11776K, 80% used [0x000000079a200000,0x000000079ab35320,0x000000079ad80000)
  to   space 11776K, 0% used [0x0000000799680000,0x0000000799680000,0x000000079a200000)
 ParOldGen       total 87552K, used 14639K [0x0000000740000000, 0x0000000745580000, 0x0000000795580000)
  object space 87552K, 16% used [0x0000000740000000,0x0000000740e4bf90,0x0000000745580000)
 Metaspace       used 17068K, capacity 17394K, committed 17664K, reserved 1064960K
  class space    used 1910K, capacity 2027K, committed 2048K, reserved 1048576K
Event: 4.631 GC heap after
Heap after GC invocations=7 (full 0):
 PSYoungGen      total 78336K, used 11761K [0x0000000795580000, 0x000000079f680000, 0x00000007c0000000)
  eden space 66560K, 0% used [0x0000000795580000,0x0000000795580000,0x0000000799680000)
  from space 11776K, 99% used [0x0000000799680000,0x000000079a1fc690,0x000000079a200000)
  to   space 15872K, 0% used [0x000000079e700000,0x000000079e700000,0x000000079f680000)
 ParOldGen       total 87552K, used 19703K [0x0000000740000000, 0x0000000745580000, 0x0000000795580000)
  object space 87552K, 22% used [0x0000000740000000,0x000000074133dc68,0x0000000745580000)
 Metaspace       used 17068K, capacity 17394K, committed 17664K, reserved 1064960K
  class space    used 1910K, capacity 2027K, committed 2048K, reserved 1048576K
}

