# JRE version: Java(TM) SE Runtime Environment (8.0_311-b11) (build 1.8.0_311-b11)
# Java VM: Java HotSpot(TM) 64-Bit Server VM (25.311-b11 mixed mode bsd-amd64 compressed oops)
Heap:
 PSYoungGen      total 313344K, used 241752K [0x0000000795580000, 0x00000007b0d00000, 0x00000007c0000000)
  eden space 269824K, 74% used [0x0000000795580000,0x00000007a199f110,0x00000007a5d00000)
  from space 43520K, 94% used [0x00000007a5d00000,0x00000007a84f7008,0x00000007a8780000)
  to   space 49664K, 0% used [0x00000007adc80000,0x00000007adc80000,0x00000007b0d00000)
 ParOldGen       total 174080K, used 91095K [0x0000000740000000, 0x000000074aa00000, 0x0000000795580000)
  object space 174080K, 52% used [0x0000000740000000,0x00000007458f5d40,0x000000074aa00000)
 Metaspace       used 27213K, capacity 28384K, committed 28544K, reserved 1075200K
  class space    used 3204K, capacity 3624K, committed 3712K, reserved 1048576K
GC Heap History (10 events):
Event: 5.915 GC heap before
{Heap before GC invocations=9 (full 1):
 PSYoungGen      total 146432K, used 131072K [0x0000000795580000, 0x00000007a7e80000, 0x00000007c0000000)
  eden space 131072K, 100% used [0x0000000795580000,0x000000079d580000,0x000000079d580000)
  from space 15360K, 0% used [0x000000079d580000,0x000000079d580000,0x000000079e480000)
  to   space 20992K, 0% used [0x00000007a6a00000,0x00000007a6a00000,0x00000007a7e80000)
 ParOldGen       total 86016K, used 31368K [0x0000000740000000, 0x0000000745400000, 0x0000000795580000)
  object space 86016K, 36% used [0x0000000740000000,0x0000000741ea2078,0x0000000745400000)
 Metaspace       used 23860K, capacity 24892K, committed 24960K, reserved 1071104K
  class space    used 2771K, capacity 3159K, committed 3200K, reserved 1048576K
Event: 5.944 GC heap after
Heap after GC invocations=9 (full 1):
 PSYoungGen      total 227840K, used 17410K [0x0000000795580000, 0x00000007a7b80000, 0x00000007c0000000)
  eden space 209920K, 0% used [0x0000000795580000,0x0000000795580000,0x00000007a2280000)
  from space 17920K, 97% used [0x00000007a6a00000,0x00000007a7b00a90,0x00000007a7b80000)
  to   space 22528K, 0% used [0x00000007a4f80000,0x00000007a4f80000,0x00000007a6580000)
 ParOldGen       total 86016K, used 31376K [0x0000000740000000, 0x0000000745400000, 0x0000000795580000)
  object space 86016K, 36% used [0x0000000740000000,0x0000000741ea4078,0x0000000745400000)
 Metaspace       used 23860K, capacity 24892K, committed 24960K, reserved 1071104K
  class space    used 2771K, capacity 3159K, committed 3200K, reserved 1048576K
}
Event: 7.155 GC heap before
{Heap before GC invocations=10 (full 1):
 PSYoungGen      total 227840K, used 227330K [0x0000000795580000, 0x00000007a7b80000, 0x00000007c0000000)
  eden space 209920K, 100% used [0x0000000795580000,0x00000007a2280000,0x00000007a2280000)
  from space 17920K, 97% used [0x00000007a6a00000,0x00000007a7b00a90,0x00000007a7b80000)
  to   space 22528K, 0% used [0x00000007a4f80000,0x00000007a4f80000,0x00000007a6580000)
 ParOldGen       total 86016K, used 31376K [0x0000000740000000, 0x0000000745400000, 0x0000000795580000)
  object space 86016K, 36% used [0x0000000740000000,0x0000000741ea4078,0x0000000745400000)
 Metaspace       used 26489K, capacity 27576K, committed 27776K, reserved 1073152K
  class space    used 3171K, capacity 3597K, committed 3712K, reserved 1048576K
Event: 7.197 GC heap after
Heap after GC invocations=10 (full 1):
 PSYoungGen      total 278528K, used 22509K [0x0000000795580000, 0x00000007aa400000, 0x00000007c0000000)
  eden space 256000K, 0% used [0x0000000795580000,0x0000000795580000,0x00000007a4f80000)
  from space 22528K, 99% used [0x00000007a4f80000,0x00000007a657b530,0x00000007a6580000)
  to   space 29184K, 0% used [0x00000007a8780000,0x00000007a8780000,0x00000007aa400000)
 ParOldGen       total 86016K, used 39255K [0x0000000740000000, 0x0000000745400000, 0x0000000795580000)
  object space 86016K, 45% used [0x0000000740000000,0x0000000742655f48,0x0000000745400000)
 Metaspace       used 26489K, capacity 27576K, committed 27776K, reserved 1073152K
  class space    used 3171K, capacity 3597K, committed 3712K, reserved 1048576K
}
Event: 8.124 GC heap before
{Heap before GC invocations=11 (full 1):
 PSYoungGen      total 278528K, used 278509K [0x0000000795580000, 0x00000007aa400000, 0x00000007c0000000)
  eden space 256000K, 100% used [0x0000000795580000,0x00000007a4f80000,0x00000007a4f80000)
  from space 22528K, 99% used [0x00000007a4f80000,0x00000007a657b530,0x00000007a6580000)
  to   space 29184K, 0% used [0x00000007a8780000,0x00000007a8780000,0x00000007aa400000)
 ParOldGen       total 86016K, used 39255K [0x0000000740000000, 0x0000000745400000, 0x0000000795580000)
  object space 86016K, 45% used [0x0000000740000000,0x0000000742655f48,0x0000000745400000)
 Metaspace       used 26678K, capacity 27818K, committed 28032K, reserved 1073152K
  class space    used 3175K, capacity 3602K, committed 3712K, reserved 1048576K
Event: 8.225 GC heap after
Heap after GC invocations=11 (full 1):
 PSYoungGen      total 299008K, used 29171K [0x0000000795580000, 0x00000007b0880000, 0x00000007c0000000)
  eden space 269824K, 0% used [0x0000000795580000,0x0000000795580000,0x00000007a5d00000)
  from space 29184K, 99% used [0x00000007a8780000,0x00000007aa3fcef8,0x00000007aa400000)
  to   space 43520K, 0% used [0x00000007a5d00000,0x00000007a5d00000,0x00000007a8780000)
 ParOldGen       total 86016K, used 67863K [0x0000000740000000, 0x0000000745400000, 0x0000000795580000)
  object space 86016K, 78% used [0x0000000740000000,0x0000000744245c78,0x0000000745400000)
 Metaspace       used 26678K, capacity 27818K, committed 28032K, reserved 1073152K
  class space    used 3175K, capacity 3602K, committed 3712K, reserved 1048576K
}
Event: 8.225 GC heap before
{Heap before GC invocations=12 (full 2):
 PSYoungGen      total 299008K, used 29171K [0x0000000795580000, 0x00000007b0880000, 0x00000007c0000000)
  eden space 269824K, 0% used [0x0000000795580000,0x0000000795580000,0x00000007a5d00000)
  from space 29184K, 99% used [0x00000007a8780000,0x00000007aa3fcef8,0x00000007aa400000)
  to   space 43520K, 0% used [0x00000007a5d00000,0x00000007a5d00000,0x00000007a8780000)
 ParOldGen       total 86016K, used 67863K [0x0000000740000000, 0x0000000745400000, 0x0000000795580000)
  object space 86016K, 78% used [0x0000000740000000,0x0000000744245c78,0x0000000745400000)
 Metaspace       used 26678K, capacity 27818K, committed 28032K, reserved 1073152K
  class space    used 3175K, capacity 3602K, committed 3712K, reserved 1048576K
Event: 8.575 GC heap after
Heap after GC invocations=12 (full 2):
 PSYoungGen      total 299008K, used 5086K [0x0000000795580000, 0x00000007b0880000, 0x00000007c0000000)
  eden space 269824K, 0% used [0x0000000795580000,0x0000000795580000,0x00000007a5d00000)
  from space 29184K, 17% used [0x00000007a8780000,0x00000007a8c77ae8,0x00000007aa400000)
  to   space 43520K, 0% used [0x00000007a5d00000,0x00000007a5d00000,0x00000007a8780000)
 ParOldGen       total 174080K, used 85947K [0x0000000740000000, 0x000000074aa00000, 0x0000000795580000)
  object space 174080K, 49% used [0x0000000740000000,0x00000007453eed08,0x000000074aa00000)
 Metaspace       used 26633K, capacity 27758K, committed 28032K, reserved 1073152K
  class space    used 3171K, capacity 3590K, committed 3712K, reserved 1048576K
}
Event: 9.624 GC heap before
{Heap before GC invocations=13 (full 2):
 PSYoungGen      total 299008K, used 274910K [0x0000000795580000, 0x00000007b0880000, 0x00000007c0000000)
  eden space 269824K, 100% used [0x0000000795580000,0x00000007a5d00000,0x00000007a5d00000)
  from space 29184K, 17% used [0x00000007a8780000,0x00000007a8c77ae8,0x00000007aa400000)
  to   space 43520K, 0% used [0x00000007a5d00000,0x00000007a5d00000,0x00000007a8780000)
 ParOldGen       total 174080K, used 85947K [0x0000000740000000, 0x000000074aa00000, 0x0000000795580000)
  object space 174080K, 49% used [0x0000000740000000,0x00000007453eed08,0x000000074aa00000)
 Metaspace       used 26660K, capacity 27766K, committed 28032K, reserved 1073152K
  class space    used 3171K, capacity 3590K, committed 3712K, reserved 1048576K
Event: 9.717 GC heap after
Heap after GC invocations=13 (full 2):
 PSYoungGen      total 313344K, used 40924K [0x0000000795580000, 0x00000007b0d00000, 0x00000007c0000000)
  eden space 269824K, 0% used [0x0000000795580000,0x0000000795580000,0x00000007a5d00000)
  from space 43520K, 94% used [0x00000007a5d00000,0x00000007a84f7008,0x00000007a8780000)
  to   space 49664K, 0% used [0x00000007adc80000,0x00000007adc80000,0x00000007b0d00000)
 ParOldGen       total 174080K, used 91095K [0x0000000740000000, 0x000000074aa00000, 0x0000000795580000)
  object space 174080K, 52% used [0x0000000740000000,0x00000007458f5d40,0x000000074aa00000)
 Metaspace       used 26660K, capacity 27766K, committed 28032K, reserved 1073152K
  class space    used 3171K, capacity 3590K, committed 3712K, reserved 1048576K
}

