# JRE version: Java(TM) SE Runtime Environment (8.0_311-b11) (build 1.8.0_311-b11)
# Java VM: Java HotSpot(TM) 64-Bit Server VM (25.311-b11 mixed mode bsd-amd64 compressed oops)
Heap:
 PSYoungGen      total 303104K, used 29173K [0x0000000795580000, 0x00000007b0d00000, 0x00000007c0000000)
  eden space 273920K, 0% used [0x0000000795580000,0x0000000795580000,0x00000007a6100000)
  from space 29184K, 99% used [0x00000007a8c00000,0x00000007aa87d758,0x00000007aa880000)
  to   space 44032K, 0% used [0x00000007a6100000,0x00000007a6100000,0x00000007a8c00000)
 ParOldGen       total 86016K, used 67907K [0x0000000740000000, 0x0000000745400000, 0x0000000795580000)
  object space 86016K, 78% used [0x0000000740000000,0x0000000744250f80,0x0000000745400000)
 Metaspace       used 26850K, capacity 27982K, committed 28288K, reserved 1073152K
  class space    used 3192K, capacity 3634K, committed 3712K, reserved 1048576K
GC Heap History (10 events):
Event: 3.405 GC heap after
Heap after GC invocations=7 (full 0):
 PSYoungGen      total 147456K, used 16361K [0x0000000795580000, 0x00000007a7f80000, 0x00000007c0000000)
  eden space 131072K, 0% used [0x0000000795580000,0x0000000795580000,0x000000079d580000)
  from space 16384K, 99% used [0x000000079d580000,0x000000079e57a730,0x000000079e580000)
  to   space 21504K, 0% used [0x00000007a6a80000,0x00000007a6a80000,0x00000007a7f80000)
 ParOldGen       total 87552K, used 23974K [0x0000000740000000, 0x0000000745580000, 0x0000000795580000)
  object space 87552K, 27% used [0x0000000740000000,0x0000000741769b48,0x0000000745580000)
 Metaspace       used 20640K, capacity 21210K, committed 21296K, reserved 1069056K
  class space    used 2418K, capacity 2675K, committed 2688K, reserved 1048576K
}
Event: 3.405 GC heap before
{Heap before GC invocations=8 (full 1):
 PSYoungGen      total 147456K, used 16361K [0x0000000795580000, 0x00000007a7f80000, 0x00000007c0000000)
  eden space 131072K, 0% used [0x0000000795580000,0x0000000795580000,0x000000079d580000)
  from space 16384K, 99% used [0x000000079d580000,0x000000079e57a730,0x000000079e580000)
  to   space 21504K, 0% used [0x00000007a6a80000,0x00000007a6a80000,0x00000007a7f80000)
 ParOldGen       total 87552K, used 23974K [0x0000000740000000, 0x0000000745580000, 0x0000000795580000)
  object space 87552K, 27% used [0x0000000740000000,0x0000000741769b48,0x0000000745580000)
 Metaspace       used 20640K, capacity 21210K, committed 21296K, reserved 1069056K
  class space    used 2418K, capacity 2675K, committed 2688K, reserved 1048576K
Event: 3.501 GC heap after
Heap after GC invocations=8 (full 1):
 PSYoungGen      total 147456K, used 0K [0x0000000795580000, 0x00000007a7f80000, 0x00000007c0000000)
  eden space 131072K, 0% used [0x0000000795580000,0x0000000795580000,0x000000079d580000)
  from space 16384K, 0% used [0x000000079d580000,0x000000079d580000,0x000000079e580000)
  to   space 21504K, 0% used [0x00000007a6a80000,0x00000007a6a80000,0x00000007a7f80000)
 ParOldGen       total 86016K, used 31368K [0x0000000740000000, 0x0000000745400000, 0x0000000795580000)
  object space 86016K, 36% used [0x0000000740000000,0x0000000741ea2298,0x0000000745400000)
 Metaspace       used 20640K, capacity 21210K, committed 21296K, reserved 1069056K
  class space    used 2418K, capacity 2675K, committed 2688K, reserved 1048576K
}
Event: 4.559 GC heap before
{Heap before GC invocations=9 (full 1):
 PSYoungGen      total 147456K, used 131072K [0x0000000795580000, 0x00000007a7f80000, 0x00000007c0000000)
  eden space 131072K, 100% used [0x0000000795580000,0x000000079d580000,0x000000079d580000)
  from space 16384K, 0% used [0x000000079d580000,0x000000079d580000,0x000000079e580000)
  to   space 21504K, 0% used [0x00000007a6a80000,0x00000007a6a80000,0x00000007a7f80000)
 ParOldGen       total 86016K, used 31368K [0x0000000740000000, 0x0000000745400000, 0x0000000795580000)
  object space 86016K, 36% used [0x0000000740000000,0x0000000741ea2298,0x0000000745400000)
 Metaspace       used 23940K, capacity 24896K, committed 24960K, reserved 1071104K
  class space    used 2786K, capacity 3159K, committed 3200K, reserved 1048576K
Event: 4.593 GC heap after
Heap after GC invocations=9 (full 1):
 PSYoungGen      total 229888K, used 17702K [0x0000000795580000, 0x00000007a7c00000, 0x00000007c0000000)
  eden space 211968K, 0% used [0x0000000795580000,0x0000000795580000,0x00000007a2480000)
  from space 17920K, 98% used [0x00000007a6a80000,0x00000007a7bc9b68,0x00000007a7c00000)
  to   space 23040K, 0% used [0x00000007a4f00000,0x00000007a4f00000,0x00000007a6580000)
 ParOldGen       total 86016K, used 31376K [0x0000000740000000, 0x0000000745400000, 0x0000000795580000)
  object space 86016K, 36% used [0x0000000740000000,0x0000000741ea4298,0x0000000745400000)
 Metaspace       used 23940K, capacity 24896K, committed 24960K, reserved 1071104K
  class space    used 2786K, capacity 3159K, committed 3200K, reserved 1048576K
}
Event: 5.659 GC heap before
{Heap before GC invocations=10 (full 1):
 PSYoungGen      total 229888K, used 229670K [0x0000000795580000, 0x00000007a7c00000, 0x00000007c0000000)
  eden space 211968K, 100% used [0x0000000795580000,0x00000007a2480000,0x00000007a2480000)
  from space 17920K, 98% used [0x00000007a6a80000,0x00000007a7bc9b68,0x00000007a7c00000)
  to   space 23040K, 0% used [0x00000007a4f00000,0x00000007a4f00000,0x00000007a6580000)
 ParOldGen       total 86016K, used 31376K [0x0000000740000000, 0x0000000745400000, 0x0000000795580000)
  object space 86016K, 36% used [0x0000000740000000,0x0000000741ea4298,0x0000000745400000)
 Metaspace       used 26718K, capacity 27880K, committed 28032K, reserved 1073152K
  class space    used 3188K, capacity 3629K, committed 3712K, reserved 1048576K
Event: 5.696 GC heap after
Heap after GC invocations=10 (full 1):
 PSYoungGen      total 278528K, used 23017K [0x0000000795580000, 0x00000007aa880000, 0x00000007c0000000)
  eden space 255488K, 0% used [0x0000000795580000,0x0000000795580000,0x00000007a4f00000)
  from space 23040K, 99% used [0x00000007a4f00000,0x00000007a657a6c0,0x00000007a6580000)
  to   space 29184K, 0% used [0x00000007a8c00000,0x00000007a8c00000,0x00000007aa880000)
 ParOldGen       total 86016K, used 39143K [0x0000000740000000, 0x0000000745400000, 0x0000000795580000)
  object space 86016K, 45% used [0x0000000740000000,0x0000000742639f98,0x0000000745400000)
 Metaspace       used 26718K, capacity 27880K, committed 28032K, reserved 1073152K
  class space    used 3188K, capacity 3629K, committed 3712K, reserved 1048576K
}
Event: 6.396 GC heap before
{Heap before GC invocations=11 (full 1):
 PSYoungGen      total 278528K, used 278505K [0x0000000795580000, 0x00000007aa880000, 0x00000007c0000000)
  eden space 255488K, 100% used [0x0000000795580000,0x00000007a4f00000,0x00000007a4f00000)
  from space 23040K, 99% used [0x00000007a4f00000,0x00000007a657a6c0,0x00000007a6580000)
  to   space 29184K, 0% used [0x00000007a8c00000,0x00000007a8c00000,0x00000007aa880000)
 ParOldGen       total 86016K, used 39143K [0x0000000740000000, 0x0000000745400000, 0x0000000795580000)
  object space 86016K, 45% used [0x0000000740000000,0x0000000742639f98,0x0000000745400000)
 Metaspace       used 26850K, capacity 27982K, committed 28288K, reserved 1073152K
  class space    used 3192K, capacity 3634K, committed 3712K, reserved 1048576K
Event: 6.493 GC heap after
Heap after GC invocations=11 (full 1):
 PSYoungGen      total 303104K, used 29173K [0x0000000795580000, 0x00000007b0d00000, 0x00000007c0000000)
  eden space 273920K, 0% used [0x0000000795580000,0x0000000795580000,0x00000007a6100000)
  from space 29184K, 99% used [0x00000007a8c00000,0x00000007aa87d758,0x00000007aa880000)
  to   space 44032K, 0% used [0x00000007a6100000,0x00000007a6100000,0x00000007a8c00000)
 ParOldGen       total 86016K, used 67907K [0x0000000740000000, 0x0000000745400000, 0x0000000795580000)
  object space 86016K, 78% used [0x0000000740000000,0x0000000744250f80,0x0000000745400000)
 Metaspace       used 26850K, capacity 27982K, committed 28288K, reserved 1073152K
  class space    used 3192K, capacity 3634K, committed 3712K, reserved 1048576K
}
Event: 6.493 GC heap before
{Heap before GC invocations=12 (full 2):
 PSYoungGen      total 303104K, used 29173K [0x0000000795580000, 0x00000007b0d00000, 0x00000007c0000000)
  eden space 273920K, 0% used [0x0000000795580000,0x0000000795580000,0x00000007a6100000)
  from space 29184K, 99% used [0x00000007a8c00000,0x00000007aa87d758,0x00000007aa880000)
  to   space 44032K, 0% used [0x00000007a6100000,0x00000007a6100000,0x00000007a8c00000)
 ParOldGen       total 86016K, used 67907K [0x0000000740000000, 0x0000000745400000, 0x0000000795580000)
  object space 86016K, 78% used [0x0000000740000000,0x0000000744250f80,0x0000000745400000)
 Metaspace       used 26850K, capacity 27982K, committed 28288K, reserved 1073152K
  class space    used 3192K, capacity 3634K, committed 3712K, reserved 1048576K

